0 info it worked if it ends with ok
1 verbose cli [ 'C:\\Program Files\\nodejs\\\\node.exe',
1 verbose cli   'C:\\Program Files\\nodejs\\node_modules\\npm\\bin\\npm-cli.js',
1 verbose cli   'i',
1 verbose cli   'ng2-select',
1 verbose cli   '--save' ]
2 info using npm@1.4.23
3 info using node@v0.10.31
4 verbose node symlink C:\Program Files\nodejs\\node.exe
5 verbose config Skipping project config: C:\Users\Adrian/.npmrc. (matches userconfig)
6 verbose cache add [ 'ng2-select', null ]
7 verbose cache add name=undefined spec="ng2-select" args=["ng2-select",null]
8 verbose parsed url { protocol: null,
8 verbose parsed url   slashes: null,
8 verbose parsed url   auth: null,
8 verbose parsed url   host: null,
8 verbose parsed url   port: null,
8 verbose parsed url   hostname: null,
8 verbose parsed url   hash: null,
8 verbose parsed url   search: null,
8 verbose parsed url   query: null,
8 verbose parsed url   pathname: 'ng2-select',
8 verbose parsed url   path: 'ng2-select',
8 verbose parsed url   href: 'ng2-select' }
9 silly lockFile e1a948af-ng2-select ng2-select
10 verbose lock ng2-select C:\Users\Adrian\AppData\Roaming\npm-cache\e1a948af-ng2-select.lock
11 silly lockFile e1a948af-ng2-select ng2-select
12 silly lockFile e1a948af-ng2-select ng2-select
13 verbose addNamed [ 'ng2-select', '' ]
14 verbose addNamed [ null, '*' ]
15 silly lockFile 5e7e0328-ng2-select ng2-select@
16 verbose lock ng2-select@ C:\Users\Adrian\AppData\Roaming\npm-cache\5e7e0328-ng2-select.lock
17 silly addNameRange { name: 'ng2-select', range: '*', hasData: false }
18 verbose request where is /ng2-select
19 verbose request registry https://registry.npmjs.org/
20 verbose request id 0f0a2d7e82020d0e
21 verbose url raw /ng2-select
22 verbose url resolving [ 'https://registry.npmjs.org/', './ng2-select' ]
23 verbose url resolved https://registry.npmjs.org/ng2-select
24 verbose request where is https://registry.npmjs.org/ng2-select
25 info trying registry request attempt 1 at 11:26:23
26 verbose etag "7KI7BQSZ2TX8Y1J5U90QGGADT"
27 http GET https://registry.npmjs.org/ng2-select
28 http 304 https://registry.npmjs.org/ng2-select
29 silly registry.get cb [ 304,
29 silly registry.get   { date: 'Fri, 20 May 2016 09:26:39 GMT',
29 silly registry.get     via: '1.1 varnish',
29 silly registry.get     'cache-control': 'max-age=300',
29 silly registry.get     etag: '"7KI7BQSZ2TX8Y1J5U90QGGADT"',
29 silly registry.get     age: '274',
29 silly registry.get     connection: 'keep-alive',
29 silly registry.get     'x-served-by': 'cache-fra1222-FRA',
29 silly registry.get     'x-cache': 'HIT',
29 silly registry.get     'x-cache-hits': '1',
29 silly registry.get     'x-timer': 'S1463736399.036604,VS0,VE0',
29 silly registry.get     vary: 'Accept-Encoding' } ]
30 verbose etag https://registry.npmjs.org/ng2-select from cache
31 silly addNameRange number 2 { name: 'ng2-select', range: '*', hasData: true }
32 silly addNameRange versions [ 'ng2-select',
32 silly addNameRange   [ '0.0.0', '0.0.1', '0.42.0', '0.44.0', '1.0.1-beta.0', '1.0.3' ] ]
33 verbose addNamed [ 'ng2-select', '1.0.3' ]
34 verbose addNamed [ '1.0.3', '1.0.3' ]
35 silly lockFile 8e4e7328-ng2-select-1-0-3 ng2-select@1.0.3
36 verbose lock ng2-select@1.0.3 C:\Users\Adrian\AppData\Roaming\npm-cache\8e4e7328-ng2-select-1-0-3.lock
37 silly lockFile 8e4e7328-ng2-select-1-0-3 ng2-select@1.0.3
38 silly lockFile 8e4e7328-ng2-select-1-0-3 ng2-select@1.0.3
39 silly lockFile 5e7e0328-ng2-select ng2-select@
40 silly lockFile 5e7e0328-ng2-select ng2-select@
41 silly resolved [ { name: 'ng2-select',
41 silly resolved     version: '1.0.3',
41 silly resolved     description: 'Angular2 based replacement for select boxes',
41 silly resolved     scripts:
41 silly resolved      { 'flow.install:typings': 'typings install',
41 silly resolved        'flow.compile': 'npm run flow.install:typings && npm run flow.compile:common && npm run flow.compile:system ',
41 silly resolved        'flow.compile:common': 'tsc',
41 silly resolved        'flow.compile:system': './.config/bundle-system.js',
41 silly resolved        'flow.copy:src': 'cpy ng2-select.ts "components/*.ts" ts --parents',
41 silly resolved        'flow.clean': 'del bundles coverage demo-build typings "components/**/*.+(js|d.ts|js.map)" dist "ng2-select.+(js|d.ts|js.map)"',
41 silly resolved        'flow.deploy:gh-pages': 'npm run flow.build:prod && ./node_modules/.bin/gh-pages -d demo-build',
41 silly resolved        'flow.eslint': 'eslint --ignore-path .gitignore  --ext js --fix . .config',
41 silly resolved        'flow.tslint': 'gulp lint',
41 silly resolved        'flow.lint': 'npm run flow.eslint && npm run flow.tslint',
41 silly resolved        'flow.changelog': 'conventional-changelog -i CHANGELOG.md -s -p angular -v',
41 silly resolved        'flow.github-release': 'conventional-github-releaser -p angular',
41 silly resolved        'flow.build:prod': 'NODE_ENV=production ./node_modules/.bin/webpack --progress --color',
41 silly resolved        'flow.build:dev': 'webpack --progress --color',
41 silly resolved        'flow.serve:dev': 'webpack-dev-server --hot --inline --colors --display-error-details --display-cached',
41 silly resolved        'flow.serve:prod': 'NODE_ENV=production ./node_modules/.bin/webpack-dev-server --hot --inline --colors --display-error-details --display-cached',
41 silly resolved        prepublish: 'npm run flow.clean && npm run flow.compile',
41 silly resolved        postpublish: 'npm run flow.deploy:gh-pages',
41 silly resolved        start: 'npm run flow.serve:dev',
41 silly resolved        pretest: 'npm run flow.lint',
41 silly resolved        test: 'NODE_ENV=test ./node_modules/.bin/karma start',
41 silly resolved        preversion: 'npm test',
41 silly resolved        version: 'npm run flow.changelog && git add -A',
41 silly resolved        postversion: 'git push origin development && git push --tags' },
41 silly resolved     main: 'ng2-select.js',
41 silly resolved     typings: 'ng2-select.d.ts',
41 silly resolved     keywords: [ 'angular2', 'select', 'selectify', 'angularjs' ],
41 silly resolved     author:
41 silly resolved      { name: 'Vyacheslav Chub',
41 silly resolved        email: 'vyacheslav.chub@valor-software.com' },
41 silly resolved     license: 'MIT',
41 silly resolved     repository:
41 silly resolved      { type: 'git',
41 silly resolved        url: 'git+ssh://git@github.com/valor-software/ng2-select.git' },
41 silly resolved     bugs: { url: 'https://github.com/valor-software/ng2-select/issues' },
41 silly resolved     homepage: 'https://github.com/valor-software/ng2-select#readme',
41 silly resolved     peerDependencies:
41 silly resolved      { '@angular/common': '^2.0.0-rc.1',
41 silly resolved        '@angular/compiler': '^2.0.0-rc.1',
41 silly resolved        '@angular/core': '^2.0.0-rc.1' },
41 silly resolved     dependencies: {},
41 silly resolved     devDependencies:
41 silly resolved      { '@angular/common': '^2.0.0-rc.1',
41 silly resolved        '@angular/compiler': '^2.0.0-rc.1',
41 silly resolved        '@angular/core': '^2.0.0-rc.1',
41 silly resolved        '@angular/platform-browser': '^2.0.0-rc.1',
41 silly resolved        '@angular/platform-browser-dynamic': '^2.0.0-rc.1',
41 silly resolved        async: '1.5.2',
41 silly resolved        'awesome-typescript-loader': '^0.17.0-rc.6',
41 silly resolved        bootstrap: '3.3.6',
41 silly resolved        codecov: '1.0.1',
41 silly resolved        'compression-webpack-plugin': '0.3.1',
41 silly resolved        'conventional-changelog-cli': '1.2.0',
41 silly resolved        'conventional-github-releaser': '1.1.2',
41 silly resolved        'copy-webpack-plugin': '3.0.0',
41 silly resolved        'cpy-cli': '1.0.0',
41 silly resolved        'del-cli': '0.2.0',
41 silly resolved        'es6-promise': '3.2.1',
41 silly resolved        'es6-shim': '0.35.1',
41 silly resolved        'es7-reflect-metadata': '1.6.0',
41 silly resolved        'eslint-config-valorsoft': '0.0.13',
41 silly resolved        'exports-loader': '0.6.3',
41 silly resolved        'file-loader': '0.8.5',
41 silly resolved        'gh-pages': '0.11.0',
41 silly resolved        'gitignore-to-glob': '0.2.1',
41 silly resolved        gulp: '3.9.1',
41 silly resolved        'gulp-size': '2.1.0',
41 silly resolved        'gulp-tslint': '5.0.0',
41 silly resolved        'html-loader': '0.4.3',
41 silly resolved        'html-webpack-plugin': '2.17.0',
41 silly resolved        'istanbul-instrumenter-loader': '0.2.0',
41 silly resolved        jasmine: '2.4.1',
41 silly resolved        karma: '0.13.22',
41 silly resolved        'karma-chrome-launcher': '1.0.1',
41 silly resolved        'karma-coverage': '1.0.0',
41 silly resolved        'karma-jasmine': '1.0.2',
41 silly resolved        'karma-phantomjs-launcher': '1.0.0',
41 silly resolved        'karma-sourcemap-loader': '0.3.7',
41 silly resolved        'karma-spec-reporter': '0.0.26',
41 silly resolved        'karma-webpack': '1.7.0',
41 silly resolved        'lite-server': '2.2.0',
41 silly resolved        'markdown-loader': '0.1.7',
41 silly resolved        marked: '0.3.5',
41 silly resolved        'ng2-bootstrap': '1.0.16',
41 silly resolved        'phantomjs-polyfill': '0.0.2',
41 silly resolved        'phantomjs-prebuilt': '2.1.7',
41 silly resolved        'pre-commit': '1.1.3',
41 silly resolved        prismjs: '1.5.0',
41 silly resolved        'prismjs-loader': '0.0.3',
41 silly resolved        'raw-loader': '0.5.1',
41 silly resolved        'reflect-metadata': '0.1.2',
41 silly resolved        'require-dir': '0.3.0',
41 silly resolved        rxjs: '5.0.0-beta.6',
41 silly resolved        'source-map-loader': '0.1.5',
41 silly resolved        'systemjs-builder': '0.15.16',
41 silly resolved        'ts-loader': '0.8.2',
41 silly resolved        'tslint-config-valorsoft': '1.0.3',
41 silly resolved        typescript: '1.8.10',
41 silly resolved        typings: '0.8.1',
41 silly resolved        webpack: '1.13.0',
41 silly resolved        'webpack-dev-server': '1.14.1',
41 silly resolved        'zone.js': '0.6.12' },
41 silly resolved     contributors: [ [Object], [Object] ],
41 silly resolved     gitHead: 'f479a623079ff2a26a1c162652212891956e57a0',
41 silly resolved     _id: 'ng2-select@1.0.3',
41 silly resolved     _shasum: '61cf87e47c93167e60a66d18bf1ae52f024f75cc',
41 silly resolved     _from: 'ng2-select@',
41 silly resolved     _npmVersion: '3.8.9',
41 silly resolved     _nodeVersion: '6.2.0',
41 silly resolved     _npmUser: { name: 'valorkin', email: 'valorkin@gmail.com' },
41 silly resolved     dist:
41 silly resolved      { shasum: '61cf87e47c93167e60a66d18bf1ae52f024f75cc',
41 silly resolved        tarball: 'https://registry.npmjs.org/ng2-select/-/ng2-select-1.0.3.tgz' },
41 silly resolved     maintainers: [ [Object] ],
41 silly resolved     _npmOperationalInternal:
41 silly resolved      { host: 'packages-12-west.internal.npmjs.com',
41 silly resolved        tmp: 'tmp/ng2-select-1.0.3.tgz_1463586863266_0.8940545863006264' },
41 silly resolved     directories: {},
41 silly resolved     _resolved: 'https://registry.npmjs.org/ng2-select/-/ng2-select-1.0.3.tgz',
41 silly resolved     readme: 'ERROR: No README data found!' } ]
42 info install ng2-select@1.0.3 into C:\Users\Adrian
43 info installOne ng2-select@1.0.3
44 verbose node_modules\ng2-select unbuild
45 verbose tar unpack C:\Users\Adrian\AppData\Roaming\npm-cache\ng2-select\1.0.3\package.tgz
46 silly lockFile 408f9071-s-Adrian-node-modules-ng2-select tar://C:\Users\Adrian\node_modules\ng2-select
47 verbose lock tar://C:\Users\Adrian\node_modules\ng2-select C:\Users\Adrian\AppData\Roaming\npm-cache\408f9071-s-Adrian-node-modules-ng2-select.lock
48 silly lockFile a2d1ad1b-che-ng2-select-1-0-3-package-tgz tar://C:\Users\Adrian\AppData\Roaming\npm-cache\ng2-select\1.0.3\package.tgz
49 verbose lock tar://C:\Users\Adrian\AppData\Roaming\npm-cache\ng2-select\1.0.3\package.tgz C:\Users\Adrian\AppData\Roaming\npm-cache\a2d1ad1b-che-ng2-select-1-0-3-package-tgz.lock
50 silly gunzTarPerm modes [ '777', '666' ]
51 silly gunzTarPerm extractEntry package.json
52 silly gunzTarPerm modified mode [ 'package.json', 420, 438 ]
53 silly gunzTarPerm extractEntry .npmignore
54 silly gunzTarPerm modified mode [ '.npmignore', 420, 438 ]
55 silly gunzTarPerm extractEntry README.md
56 silly gunzTarPerm modified mode [ 'README.md', 420, 438 ]
57 silly gunzTarPerm extractEntry LICENSE
58 silly gunzTarPerm modified mode [ 'LICENSE', 420, 438 ]
59 silly gunzTarPerm extractEntry gulpfile.js
60 silly gunzTarPerm modified mode [ 'gulpfile.js', 420, 438 ]
61 silly gunzTarPerm extractEntry ng2-select.js
62 silly gunzTarPerm modified mode [ 'ng2-select.js', 420, 438 ]
63 silly gunzTarPerm extractEntry bundles/ng2-select.js
64 silly gunzTarPerm modified mode [ 'bundles/ng2-select.js', 420, 438 ]
65 silly gunzTarPerm extractEntry bundles/ng2-select.min.js
66 silly gunzTarPerm modified mode [ 'bundles/ng2-select.min.js', 420, 438 ]
67 silly gunzTarPerm extractEntry bundles/ng2-select.js.gz
68 silly gunzTarPerm modified mode [ 'bundles/ng2-select.js.gz', 420, 438 ]
69 silly gunzTarPerm extractEntry bundles/ng2-select.js.map.gz
70 silly gunzTarPerm modified mode [ 'bundles/ng2-select.js.map.gz', 420, 438 ]
71 silly gunzTarPerm extractEntry bundles/ng2-select.min.js.gz
72 silly gunzTarPerm modified mode [ 'bundles/ng2-select.min.js.gz', 420, 438 ]
73 silly gunzTarPerm extractEntry bundles/ng2-select.min.js.map.gz
74 silly gunzTarPerm modified mode [ 'bundles/ng2-select.min.js.map.gz', 420, 438 ]
75 silly gunzTarPerm extractEntry components/select.js
76 silly gunzTarPerm modified mode [ 'components/select.js', 420, 438 ]
77 silly gunzTarPerm extractEntry components/css/ng2-select.css
78 silly gunzTarPerm modified mode [ 'components/css/ng2-select.css', 420, 438 ]
79 silly gunzTarPerm extractEntry components/select/off-click.js
80 silly gunzTarPerm modified mode [ 'components/select/off-click.js', 420, 438 ]
81 silly gunzTarPerm extractEntry components/select/select-interfaces.js
82 silly gunzTarPerm modified mode [ 'components/select/select-interfaces.js', 420, 438 ]
83 silly gunzTarPerm extractEntry components/select/common.js
84 silly gunzTarPerm modified mode [ 'components/select/common.js', 420, 438 ]
85 silly gunzTarPerm extractEntry components/select/select-item.js
86 silly gunzTarPerm modified mode [ 'components/select/select-item.js', 420, 438 ]
87 silly gunzTarPerm extractEntry components/select/select-pipes.js
88 silly gunzTarPerm modified mode [ 'components/select/select-pipes.js', 420, 438 ]
89 silly gunzTarPerm extractEntry components/select/select.js
90 silly gunzTarPerm modified mode [ 'components/select/select.js', 420, 438 ]
91 silly gunzTarPerm extractEntry components/select/select-item.d.ts
92 silly gunzTarPerm modified mode [ 'components/select/select-item.d.ts', 420, 438 ]
93 silly gunzTarPerm extractEntry components/select/select-interfaces.d.ts
94 silly gunzTarPerm modified mode [ 'components/select/select-interfaces.d.ts', 420, 438 ]
95 silly gunzTarPerm extractEntry components/select/off-click.d.ts
96 silly gunzTarPerm modified mode [ 'components/select/off-click.d.ts', 420, 438 ]
97 silly gunzTarPerm extractEntry components/select/common.d.ts
98 silly gunzTarPerm modified mode [ 'components/select/common.d.ts', 420, 438 ]
99 silly gunzTarPerm extractEntry components/select/select-pipes.d.ts
100 silly gunzTarPerm modified mode [ 'components/select/select-pipes.d.ts', 420, 438 ]
101 silly gunzTarPerm extractEntry components/select/select.d.ts
102 silly gunzTarPerm modified mode [ 'components/select/select.d.ts', 420, 438 ]
103 silly gunzTarPerm extractEntry components/select/readme.md
104 silly gunzTarPerm modified mode [ 'components/select/readme.md', 420, 438 ]
105 silly gunzTarPerm extractEntry components/select.d.ts
106 silly gunzTarPerm modified mode [ 'components/select.d.ts', 420, 438 ]
107 silly gunzTarPerm extractEntry .editorconfig
108 silly gunzTarPerm modified mode [ '.editorconfig', 420, 438 ]
109 silly gunzTarPerm extractEntry .config/bundle-system.js
110 silly gunzTarPerm modified mode [ '.config/bundle-system.js', 493, 511 ]
111 silly gunzTarPerm extractEntry ng2-select.d.ts
112 silly gunzTarPerm modified mode [ 'ng2-select.d.ts', 420, 438 ]
113 silly gunzTarPerm extractEntry .travis.yml
114 silly gunzTarPerm modified mode [ '.travis.yml', 420, 438 ]
115 silly gunzTarPerm extractEntry typings.json
116 silly gunzTarPerm modified mode [ 'typings.json', 420, 438 ]
117 silly gunzTarPerm extractEntry CHANGELOG.md
118 silly gunzTarPerm modified mode [ 'CHANGELOG.md', 420, 438 ]
119 silly gunzTarPerm extractEntry .eslintrc.json
120 silly gunzTarPerm modified mode [ '.eslintrc.json', 420, 438 ]
121 silly gunzTarPerm extractEntry tsconfig.json
122 silly gunzTarPerm modified mode [ 'tsconfig.json', 420, 438 ]
123 silly gunzTarPerm extractEntry tslint.json
124 silly gunzTarPerm modified mode [ 'tslint.json', 420, 438 ]
125 silly lockFile 408f9071-s-Adrian-node-modules-ng2-select tar://C:\Users\Adrian\node_modules\ng2-select
126 silly lockFile 408f9071-s-Adrian-node-modules-ng2-select tar://C:\Users\Adrian\node_modules\ng2-select
127 silly lockFile a2d1ad1b-che-ng2-select-1-0-3-package-tgz tar://C:\Users\Adrian\AppData\Roaming\npm-cache\ng2-select\1.0.3\package.tgz
128 silly lockFile a2d1ad1b-che-ng2-select-1-0-3-package-tgz tar://C:\Users\Adrian\AppData\Roaming\npm-cache\ng2-select\1.0.3\package.tgz
129 info preinstall ng2-select@1.0.3
130 verbose readDependencies using package.json deps
131 verbose readDependencies using package.json deps
132 silly resolved []
133 verbose about to build C:\Users\Adrian\node_modules\ng2-select
134 info build C:\Users\Adrian\node_modules\ng2-select
135 verbose linkStuff [ false, false, false, 'C:\\Users\\Adrian\\node_modules' ]
136 info linkStuff ng2-select@1.0.3
137 verbose linkBins ng2-select@1.0.3
138 verbose linkMans ng2-select@1.0.3
139 verbose rebuildBundles ng2-select@1.0.3
140 info install ng2-select@1.0.3
141 info postinstall ng2-select@1.0.3
142 verbose cache add [ '@angular/common@^2.0.0-rc.1', null ]
143 verbose cache add name=undefined spec="@angular/common@^2.0.0-rc.1" args=["@angular/common@^2.0.0-rc.1",null]
144 verbose parsed url { protocol: null,
144 verbose parsed url   slashes: null,
144 verbose parsed url   auth: null,
144 verbose parsed url   host: null,
144 verbose parsed url   port: null,
144 verbose parsed url   hostname: null,
144 verbose parsed url   hash: null,
144 verbose parsed url   search: null,
144 verbose parsed url   query: null,
144 verbose parsed url   pathname: '@angular/common@^2.0.0-rc.1',
144 verbose parsed url   path: '@angular/common@^2.0.0-rc.1',
144 verbose parsed url   href: '@angular/common@^2.0.0-rc.1' }
145 verbose cache add [ '@angular/compiler@^2.0.0-rc.1', null ]
146 verbose cache add name=undefined spec="@angular/compiler@^2.0.0-rc.1" args=["@angular/compiler@^2.0.0-rc.1",null]
147 verbose parsed url { protocol: null,
147 verbose parsed url   slashes: null,
147 verbose parsed url   auth: null,
147 verbose parsed url   host: null,
147 verbose parsed url   port: null,
147 verbose parsed url   hostname: null,
147 verbose parsed url   hash: null,
147 verbose parsed url   search: null,
147 verbose parsed url   query: null,
147 verbose parsed url   pathname: '@angular/compiler@^2.0.0-rc.1',
147 verbose parsed url   path: '@angular/compiler@^2.0.0-rc.1',
147 verbose parsed url   href: '@angular/compiler@^2.0.0-rc.1' }
148 verbose cache add [ '@angular/core@^2.0.0-rc.1', null ]
149 verbose cache add name=undefined spec="@angular/core@^2.0.0-rc.1" args=["@angular/core@^2.0.0-rc.1",null]
150 verbose parsed url { protocol: null,
150 verbose parsed url   slashes: null,
150 verbose parsed url   auth: null,
150 verbose parsed url   host: null,
150 verbose parsed url   port: null,
150 verbose parsed url   hostname: null,
150 verbose parsed url   hash: null,
150 verbose parsed url   search: null,
150 verbose parsed url   query: null,
150 verbose parsed url   pathname: '@angular/core@^2.0.0-rc.1',
150 verbose parsed url   path: '@angular/core@^2.0.0-rc.1',
150 verbose parsed url   href: '@angular/core@^2.0.0-rc.1' }
151 verbose cache add name="" spec="angular/common@^2.0.0-rc.1" args=["","angular/common@^2.0.0-rc.1"]
152 verbose parsed url { protocol: null,
152 verbose parsed url   slashes: null,
152 verbose parsed url   auth: null,
152 verbose parsed url   host: null,
152 verbose parsed url   port: null,
152 verbose parsed url   hostname: null,
152 verbose parsed url   hash: null,
152 verbose parsed url   search: null,
152 verbose parsed url   query: null,
152 verbose parsed url   pathname: 'angular/common@^2.0.0-rc.1',
152 verbose parsed url   path: 'angular/common@^2.0.0-rc.1',
152 verbose parsed url   href: 'angular/common@^2.0.0-rc.1' }
153 verbose cache add name="" spec="angular/compiler@^2.0.0-rc.1" args=["","angular/compiler@^2.0.0-rc.1"]
154 verbose parsed url { protocol: null,
154 verbose parsed url   slashes: null,
154 verbose parsed url   auth: null,
154 verbose parsed url   host: null,
154 verbose parsed url   port: null,
154 verbose parsed url   hostname: null,
154 verbose parsed url   hash: null,
154 verbose parsed url   search: null,
154 verbose parsed url   query: null,
154 verbose parsed url   pathname: 'angular/compiler@^2.0.0-rc.1',
154 verbose parsed url   path: 'angular/compiler@^2.0.0-rc.1',
154 verbose parsed url   href: 'angular/compiler@^2.0.0-rc.1' }
155 verbose cache add name="" spec="angular/core@^2.0.0-rc.1" args=["","angular/core@^2.0.0-rc.1"]
156 verbose parsed url { protocol: null,
156 verbose parsed url   slashes: null,
156 verbose parsed url   auth: null,
156 verbose parsed url   host: null,
156 verbose parsed url   port: null,
156 verbose parsed url   hostname: null,
156 verbose parsed url   hash: null,
156 verbose parsed url   search: null,
156 verbose parsed url   query: null,
156 verbose parsed url   pathname: 'angular/core@^2.0.0-rc.1',
156 verbose parsed url   path: 'angular/core@^2.0.0-rc.1',
156 verbose parsed url   href: 'angular/core@^2.0.0-rc.1' }
157 verbose cache add name="angular/common" spec="^2.0.0-rc.1" args=["angular/common","^2.0.0-rc.1"]
158 verbose parsed url { protocol: null,
158 verbose parsed url   slashes: null,
158 verbose parsed url   auth: null,
158 verbose parsed url   host: null,
158 verbose parsed url   port: null,
158 verbose parsed url   hostname: null,
158 verbose parsed url   hash: null,
158 verbose parsed url   search: null,
158 verbose parsed url   query: null,
158 verbose parsed url   pathname: '^2.0.0-rc.1',
158 verbose parsed url   path: '^2.0.0-rc.1',
158 verbose parsed url   href: '^2.0.0-rc.1' }
159 verbose addNamed [ 'angular/common', '^2.0.0-rc.1' ]
160 verbose addNamed [ null, '>=2.0.0-rc.1 <3.0.0-0' ]
161 silly lockFile ec8cab01-angular-common-2-0-0-rc-1 angular/common@^2.0.0-rc.1
162 verbose lock angular/common@^2.0.0-rc.1 C:\Users\Adrian\AppData\Roaming\npm-cache\ec8cab01-angular-common-2-0-0-rc-1.lock
163 verbose cache add name="angular/compiler" spec="^2.0.0-rc.1" args=["angular/compiler","^2.0.0-rc.1"]
164 verbose parsed url { protocol: null,
164 verbose parsed url   slashes: null,
164 verbose parsed url   auth: null,
164 verbose parsed url   host: null,
164 verbose parsed url   port: null,
164 verbose parsed url   hostname: null,
164 verbose parsed url   hash: null,
164 verbose parsed url   search: null,
164 verbose parsed url   query: null,
164 verbose parsed url   pathname: '^2.0.0-rc.1',
164 verbose parsed url   path: '^2.0.0-rc.1',
164 verbose parsed url   href: '^2.0.0-rc.1' }
165 verbose addNamed [ 'angular/compiler', '^2.0.0-rc.1' ]
166 verbose addNamed [ null, '>=2.0.0-rc.1 <3.0.0-0' ]
167 silly lockFile 63b718b1-angular-compiler-2-0-0-rc-1 angular/compiler@^2.0.0-rc.1
168 verbose lock angular/compiler@^2.0.0-rc.1 C:\Users\Adrian\AppData\Roaming\npm-cache\63b718b1-angular-compiler-2-0-0-rc-1.lock
169 verbose cache add name="angular/core" spec="^2.0.0-rc.1" args=["angular/core","^2.0.0-rc.1"]
170 verbose parsed url { protocol: null,
170 verbose parsed url   slashes: null,
170 verbose parsed url   auth: null,
170 verbose parsed url   host: null,
170 verbose parsed url   port: null,
170 verbose parsed url   hostname: null,
170 verbose parsed url   hash: null,
170 verbose parsed url   search: null,
170 verbose parsed url   query: null,
170 verbose parsed url   pathname: '^2.0.0-rc.1',
170 verbose parsed url   path: '^2.0.0-rc.1',
170 verbose parsed url   href: '^2.0.0-rc.1' }
171 verbose addNamed [ 'angular/core', '^2.0.0-rc.1' ]
172 verbose addNamed [ null, '>=2.0.0-rc.1 <3.0.0-0' ]
173 silly lockFile ed51d5ef-angular-core-2-0-0-rc-1 angular/core@^2.0.0-rc.1
174 verbose lock angular/core@^2.0.0-rc.1 C:\Users\Adrian\AppData\Roaming\npm-cache\ed51d5ef-angular-core-2-0-0-rc-1.lock
175 silly addNameRange { name: 'angular/common',
175 silly addNameRange   range: '>=2.0.0-rc.1 <3.0.0-0',
175 silly addNameRange   hasData: false }
176 silly addNameRange { name: 'angular/compiler',
176 silly addNameRange   range: '>=2.0.0-rc.1 <3.0.0-0',
176 silly addNameRange   hasData: false }
177 silly addNameRange { name: 'angular/core',
177 silly addNameRange   range: '>=2.0.0-rc.1 <3.0.0-0',
177 silly addNameRange   hasData: false }
178 verbose request where is /angular/common
179 verbose request registry https://registry.npmjs.org/
180 verbose url raw /angular/common
181 verbose url resolving [ 'https://registry.npmjs.org/', './angular/common' ]
182 verbose url resolved https://registry.npmjs.org/angular/common
183 verbose request where is https://registry.npmjs.org/angular/common
184 info trying registry request attempt 1 at 11:26:24
185 http GET https://registry.npmjs.org/angular/common
186 verbose request where is /angular/compiler
187 verbose request registry https://registry.npmjs.org/
188 verbose url raw /angular/compiler
189 verbose url resolving [ 'https://registry.npmjs.org/', './angular/compiler' ]
190 verbose url resolved https://registry.npmjs.org/angular/compiler
191 verbose request where is https://registry.npmjs.org/angular/compiler
192 info trying registry request attempt 1 at 11:26:24
193 http GET https://registry.npmjs.org/angular/compiler
194 verbose request where is /angular/core
195 verbose request registry https://registry.npmjs.org/
196 verbose url raw /angular/core
197 verbose url resolving [ 'https://registry.npmjs.org/', './angular/core' ]
198 verbose url resolved https://registry.npmjs.org/angular/core
199 verbose request where is https://registry.npmjs.org/angular/core
200 info trying registry request attempt 1 at 11:26:24
201 http GET https://registry.npmjs.org/angular/core
202 http 404 https://registry.npmjs.org/angular/core
203 silly registry.get cb [ 404,
203 silly registry.get   { 'content-type': 'application/json',
203 silly registry.get     'cache-control': 'max-age=0',
203 silly registry.get     'content-length': '2',
203 silly registry.get     'accept-ranges': 'bytes',
203 silly registry.get     date: 'Fri, 20 May 2016 09:26:39 GMT',
203 silly registry.get     via: '1.1 varnish',
203 silly registry.get     age: '0',
203 silly registry.get     connection: 'keep-alive',
203 silly registry.get     'x-served-by': 'cache-fra1248-FRA',
203 silly registry.get     'x-cache': 'MISS',
203 silly registry.get     'x-cache-hits': '0',
203 silly registry.get     'x-timer': 'S1463736399.497102,VS0,VE129',
203 silly registry.get     vary: 'Accept-Encoding' } ]
204 silly lockFile ed51d5ef-angular-core-2-0-0-rc-1 angular/core@^2.0.0-rc.1
205 silly lockFile ed51d5ef-angular-core-2-0-0-rc-1 angular/core@^2.0.0-rc.1
206 verbose node_modules\ng2-select unbuild
207 info preuninstall ng2-select@1.0.3
208 info uninstall ng2-select@1.0.3
209 verbose true,C:\Users\Adrian\node_modules,C:\Users\Adrian\node_modules unbuild ng2-select@1.0.3
210 info postuninstall ng2-select@1.0.3
211 error 404 Not Found
211 error 404
211 error 404 'angular/core' is not in the npm registry.
211 error 404 You should bug the author to publish it
211 error 404
211 error 404 Note that you can also install from a
211 error 404 tarball, folder, or http url, or git url.
212 error System Windows_NT 6.2.9200
213 error command "C:\\Program Files\\nodejs\\\\node.exe" "C:\\Program Files\\nodejs\\node_modules\\npm\\bin\\npm-cli.js" "i" "ng2-select" "--save"
214 error cwd C:\Users\Adrian\Documents\PROJEKTY\lunnche
215 error node -v v0.10.31
216 error npm -v 1.4.23
217 error code E404
218 verbose exit [ 1, true ]
