0 info it worked if it ends with ok
1 verbose cli [ 'C:\\Program Files\\nodejs\\node.exe',
1 verbose cli   'C:\\Program Files\\nodejs\\node_modules\\npm\\bin\\npm-cli.js',
1 verbose cli   'run-script',
1 verbose cli   'serve' ]
2 info using npm@1.4.23
3 info using node@v0.10.31
4 verbose run-script [ 'preserve', 'serve', 'postserve' ]
5 info preserve angular2-tut@1.0.0
6 info serve angular2-tut@1.0.0
7 verbose unsafe-perm in lifecycle true
8 info angular2-tut@1.0.0 Failed to exec serve script
9 error angular2-tut@1.0.0 serve: `live-server --port=8080 --mount=/node_modules:./node_modules --ignorePattern=*.ts  --entry-file=index.html --proxy=/api:http://localhost:8090/api`
9 error Exit status 8
10 error Failed at the angular2-tut@1.0.0 serve script.
10 error This is most likely a problem with the angular2-tut package,
10 error not with npm itself.
10 error Tell the author that this fails on your system:
10 error     live-server --port=8080 --mount=/node_modules:./node_modules --ignorePattern=*.ts  --entry-file=index.html --proxy=/api:http://localhost:8090/api
10 error You can get their info via:
10 error     npm owner ls angular2-tut
10 error There is likely additional logging output above.
11 error System Windows_NT 6.2.9200
12 error command "C:\\Program Files\\nodejs\\node.exe" "C:\\Program Files\\nodejs\\node_modules\\npm\\bin\\npm-cli.js" "run-script" "serve"
13 error cwd C:\Users\Adrian\Documents\PROJEKTY\lunnche\src\main\resources
14 error node -v v0.10.31
15 error npm -v 1.4.23
16 error code ELIFECYCLE
17 verbose exit [ 1, true ]
